#
# A fatal error has been detected by the Java Runtime Environment:
#
#  EXCEPTION_ACCESS_VIOLATION (0xc0000005) at pc=0x000000006b3e33d0, pid=12084, tid=0x00000000000032ec
#
# JRE version: OpenJDK Runtime Environment (8.0_242-b01) (build 1.8.0_242-release-1644-b01)
# Java VM: OpenJDK 64-Bit Server VM (25.242-b01 mixed mode windows-amd64 compressed oops)
# Problematic frame:
# V  [jvm.dll+0x4733d0]
#
# Failed to write core dump. Minidumps are not enabled by default on client versions of Windows
#
# If you would like to submit a bug report, please visit:
#   
#

---------------  T H R E A D  ---------------

Current thread (0x0000000018f3f000):  JavaThread "C2 CompilerThread1" daemon [_thread_in_native, id=13036, stack(0x0000000019900000,0x0000000019a00000)]

siginfo: ExceptionCode=0xc0000005, reading address 0xffffffffffffffff

Registers:
RAX=0x0000000000000000, RBX=0x000000002005f610, RCX=0x200000006b73f750, RDX=0x0000000000000000
RSP=0x00000000199fc0f0, RBP=0x000000000000001d, RSI=0x00000000000000e8, RDI=0x00000000199fc140
R8 =0x0000000000001000, R9 =0x000000001b0a56e0, R10=0x000000006af70000, R11=0x00000000199fc010
R12=0x000000006b73f750, R13=0x000000006af70000, R14=0x0000000018f4d1a8, R15=0x00000000000003d8
RIP=0x000000006b3e33d0, EFLAGS=0x0000000000010246

Top of Stack: (sp=0x00000000199fc0f0)
0x00000000199fc0f0:   00000000199fe8c0 000000002015f5b0
0x00000000199fc100:   fffffffffffffff8 0000000018f3fa50
0x00000000199fc110:   0000000000002e8c 000000006b3de49f
0x00000000199fc120:   000000002019bdd0 000000002005f610
0x00000000199fc130:   0000000000002e8c 00000000199fc220
0x00000000199fc140:   00000edb00000000 0000000000000007
0x00000000199fc150:   200000006b73f750 000000000000000f
0x00000000199fc160:   000000001a606ff0 0000000000000036
0x00000000199fc170:   000000002019c7d0 00000000199fc510
0x00000000199fc180:   0000000018f4cdd0 00000000199fc510
0x00000000199fc190:   0000000018f4cdc0 000000006b3aaa46
0x00000000199fc1a0:   00000000199fc620 00000000199fc2a0
0x00000000199fc1b0:   0000000000000000 0000000000000009
0x00000000199fc1c0:   0000000000000006 0000000018f4cdc0
0x00000000199fc1d0:   000000001b0a4350 000000001b0a5ce0
0x00000000199fc1e0:   000000001b0ac338 0000000000ec3ef0 

Instructions: (pc=0x000000006b3e33d0)
0x000000006b3e33b0:   48 8b 4f 20 48 39 04 0e 0f 84 9d 00 00 00 48 8b
0x000000006b3e33c0:   0c 0e 33 d2 33 c0 48 89 4f 10 66 0f 1f 44 00 00
0x000000006b3e33d0:   83 3c 08 00 0f 85 36 01 00 00 ff c2 48 83 c0 04
0x000000006b3e33e0:   83 fa 08 72 eb 48 8b 47 30 48 89 44 24 30 48 85 


Register to memory mapping:

RAX=0x0000000000000000 is an unknown value
RBX=0x000000002005f610 is an unknown value
RCX=0x200000006b73f750 is an unknown value
RDX=0x0000000000000000 is an unknown value
RSP=0x00000000199fc0f0 is pointing into the stack for thread: 0x0000000018f3f000
RBP=0x000000000000001d is an unknown value
RSI=0x00000000000000e8 is an unknown value
RDI=0x00000000199fc140 is pointing into the stack for thread: 0x0000000018f3f000
R8 =0x0000000000001000 is an unknown value
R9 =0x000000001b0a56e0 is an unknown value
R10=0x000000006af70000 is an unknown value
R11=0x00000000199fc010 is pointing into the stack for thread: 0x0000000018f3f000
R12=0x000000006b73f750 is an unknown value
R13=0x000000006af70000 is an unknown value
R14=0x0000000018f4d1a8 is an unknown value
R15=0x00000000000003d8 is an unknown value


Stack: [0x0000000019900000,0x0000000019a00000],  sp=0x00000000199fc0f0,  free space=1008k
Native frames: (J=compiled Java code, j=interpreted, Vv=VM code, C=native code)
V  [jvm.dll+0x4733d0]
V  [jvm.dll+0x46e49f]
V  [jvm.dll+0x43aa46]
V  [jvm.dll+0x4456ab]
V  [jvm.dll+0x447fa8]
V  [jvm.dll+0x42b072]
V  [jvm.dll+0x8230f]
V  [jvm.dll+0x82c7f]
V  [jvm.dll+0x220b7f]
V  [jvm.dll+0x27276a]
C  [msvcr100.dll+0x21d9f]
C  [msvcr100.dll+0x21e3b]
C  [KERNEL32.DLL+0x17bd4]
C  [ntdll.dll+0x6ce51]


Current CompileTask:
C2:   3670 1474       4       java.net.URLClassLoader$1::run (5 bytes)


---------------  P R O C E S S  ---------------

Java Threads: ( => current thread )
  0x000000001baac000 JavaThread "Cache worker for file hash cache (C:\Users\yorick\.gradle\caches\6.1.1\fileHashes)" [_thread_blocked, id=15276, stack(0x000000001dd20000,0x000000001de20000)]
  0x000000001baa7800 JavaThread "File lock request listener" [_thread_in_native, id=12060, stack(0x000000001dc20000,0x000000001dd20000)]
  0x000000001ba97000 JavaThread "Cache worker for journal cache (C:\Users\yorick\.gradle\caches\journal-1)" [_thread_blocked, id=9284, stack(0x000000001db20000,0x000000001dc20000)]
  0x000000001b9be000 JavaThread "Thread-9" [_thread_blocked, id=11760, stack(0x000000001d820000,0x000000001d920000)]
  0x000000001b9ba000 JavaThread "Stdin handler" [_thread_blocked, id=2876, stack(0x000000001d720000,0x000000001d820000)]
  0x000000001b9cd000 JavaThread "Asynchronous log dispatcher for DefaultDaemonConnection: socket connection from /127.0.0.1:51199 to /127.0.0.1:51200" [_thread_blocked, id=14824, stack(0x000000001d520000,0x000000001d620000)]
  0x000000001b9c8000 JavaThread "Daemon worker" [_thread_in_native, id=12508, stack(0x000000001d420000,0x000000001d520000)]
  0x000000001ba16000 JavaThread "Cancel handler" [_thread_blocked, id=8984, stack(0x000000001d320000,0x000000001d420000)]
  0x000000001b9e4000 JavaThread "Handler for socket connection from /127.0.0.1:51199 to /127.0.0.1:51200" [_thread_in_native, id=13544, stack(0x000000001d020000,0x000000001d120000)]
  0x000000001b94a800 JavaThread "Daemon" [_thread_blocked, id=7672, stack(0x000000001cf20000,0x000000001d020000)]
  0x000000001b949000 JavaThread "Daemon periodic checks" [_thread_blocked, id=14056, stack(0x000000001ce20000,0x000000001cf20000)]
  0x000000001b947800 JavaThread "Incoming local TCP Connector on port 51199" [_thread_in_native, id=4248, stack(0x000000001cbe0000,0x000000001cce0000)]
  0x000000001b895000 JavaThread "Daemon health stats" [_thread_blocked, id=4500, stack(0x000000001c5a0000,0x000000001c6a0000)]
  0x0000000018fc7800 JavaThread "Service Thread" daemon [_thread_blocked, id=3732, stack(0x0000000019c00000,0x0000000019d00000)]
  0x0000000018f4e800 JavaThread "C1 CompilerThread3" daemon [_thread_blocked, id=4016, stack(0x0000000019b00000,0x0000000019c00000)]
  0x0000000018f41000 JavaThread "C2 CompilerThread2" daemon [_thread_in_native, id=6768, stack(0x0000000019a00000,0x0000000019b00000)]
=>0x0000000018f3f000 JavaThread "C2 CompilerThread1" daemon [_thread_in_native, id=13036, stack(0x0000000019900000,0x0000000019a00000)]
  0x0000000018f34000 JavaThread "C2 CompilerThread0" daemon [_thread_blocked, id=10844, stack(0x0000000019800000,0x0000000019900000)]
  0x0000000018f30000 JavaThread "Attach Listener" daemon [_thread_blocked, id=13700, stack(0x0000000019700000,0x0000000019800000)]
  0x000000001713e800 JavaThread "Signal Dispatcher" daemon [_thread_blocked, id=14656, stack(0x0000000019600000,0x0000000019700000)]
  0x0000000017132000 JavaThread "Finalizer" daemon [_thread_blocked, id=8460, stack(0x0000000019400000,0x0000000019500000)]
  0x0000000003367800 JavaThread "Reference Handler" daemon [_thread_blocked, id=15204, stack(0x0000000019300000,0x0000000019400000)]
  0x00000000030fe000 JavaThread "main" [_thread_blocked, id=12740, stack(0x0000000003170000,0x0000000003270000)]

Other Threads:
  0x0000000017128000 VMThread [stack: 0x0000000018e00000,0x0000000018f00000] [id=13528]
  0x0000000018fc9000 WatcherThread [stack: 0x0000000019d00000,0x0000000019e00000] [id=13140]

VM state:not at safepoint (normal execution)

VM Mutex/Monitor currently owned by a thread: None

heap address: 0x00000000a0000000, size: 1536 MB, Compressed Oops mode: 32-bit
Narrow klass base: 0x0000000000000000, Narrow klass shift: 3
Compressed class space size: 1073741824 Address: 0x0000000100000000

Heap:
 PSYoungGen      total 76288K, used 43808K [0x00000000e0000000, 0x00000000e5500000, 0x0000000100000000)
  eden space 65536K, 52% used [0x00000000e0000000,0x00000000e21c6740,0x00000000e4000000)
  from space 10752K, 85% used [0x00000000e4a80000,0x00000000e5381b50,0x00000000e5500000)
  to   space 10752K, 0% used [0x00000000e4000000,0x00000000e4000000,0x00000000e4a80000)
 ParOldGen       total 175104K, used 24K [0x00000000a0000000, 0x00000000aab00000, 0x00000000e0000000)
  object space 175104K, 0% used [0x00000000a0000000,0x00000000a0006000,0x00000000aab00000)
 Metaspace       used 17631K, capacity 18132K, committed 18560K, reserved 1064960K
  class space    used 2401K, capacity 2590K, committed 2688K, reserved 1048576K

Card table byte_map: [0x0000000012730000,0x0000000012a40000] byte_map_base: 0x0000000012230000

Marking Bits: (ParMarkBitMap*) 0x000000006b73f030
 Begin Bits: [0x0000000013440000, 0x0000000014c40000)
 End Bits:   [0x0000000014c40000, 0x0000000016440000)

Polling page: 0x00000000018e0000

CodeCache: size=245760Kb used=5569Kb max_used=5582Kb free=240190Kb
 bounds [0x0000000003370000, 0x00000000038f0000, 0x0000000012370000]
 total_blobs=2009 nmethods=1604 adapters=318
 compilation: enabled

Compilation events (10 events):
Event: 3.584 Thread 0x0000000018f4e800 nmethod 1593 0x00000000038d4e10 code [0x00000000038d4fa0, 0x00000000038d5558]
Event: 3.584 Thread 0x0000000018f4e800 1594       3       java.util.WeakHashMap::eq (19 bytes)
Event: 3.585 Thread 0x0000000018f4e800 nmethod 1594 0x00000000038ca510 code [0x00000000038ca680, 0x00000000038ca908]
Event: 3.586 Thread 0x0000000018f4e800 1595       3       java.util.concurrent.locks.ReentrantLock$Sync::tryRelease (45 bytes)
Event: 3.586 Thread 0x0000000018f4e800 nmethod 1595 0x00000000038d4590 code [0x00000000038d4720, 0x00000000038d4cc8]
Event: 3.602 Thread 0x0000000018f34000 nmethod 1584% 0x00000000038dd190 code [0x00000000038dd360, 0x00000000038de618]
Event: 3.602 Thread 0x0000000018f34000 1596   !   4       java.util.concurrent.ConcurrentHashMap::putVal (362 bytes)
Event: 3.616 Thread 0x0000000018f34000 nmethod 1596 0x00000000038df650 code [0x00000000038df800, 0x00000000038e05d0]
Event: 3.645 Thread 0x0000000018f4e800 1597       3       java.lang.Class::forName (53 bytes)
Event: 3.646 Thread 0x0000000018f4e800 nmethod 1597 0x00000000038d3b10 code [0x00000000038d3cc0, 0x00000000038d4368]

GC Heap History (4 events):
Event: 1.448 GC heap before
{Heap before GC invocations=1 (full 0):
 PSYoungGen      total 76288K, used 65536K [0x00000000e0000000, 0x00000000e5500000, 0x0000000100000000)
  eden space 65536K, 100% used [0x00000000e0000000,0x00000000e4000000,0x00000000e4000000)
  from space 10752K, 0% used [0x00000000e4a80000,0x00000000e4a80000,0x00000000e5500000)
  to   space 10752K, 0% used [0x00000000e4000000,0x00000000e4000000,0x00000000e4a80000)
 ParOldGen       total 175104K, used 0K [0x00000000a0000000, 0x00000000aab00000, 0x00000000e0000000)
  object space 175104K, 0% used [0x00000000a0000000,0x00000000a0000000,0x00000000aab00000)
 Metaspace       used 7382K, capacity 7578K, committed 7680K, reserved 1056768K
  class space    used 903K, capacity 974K, committed 1024K, reserved 1048576K
Event: 1.457 GC heap after
Heap after GC invocations=1 (full 0):
 PSYoungGen      total 76288K, used 5713K [0x00000000e0000000, 0x00000000e5500000, 0x0000000100000000)
  eden space 65536K, 0% used [0x00000000e0000000,0x00000000e0000000,0x00000000e4000000)
  from space 10752K, 53% used [0x00000000e4000000,0x00000000e4594440,0x00000000e4a80000)
  to   space 10752K, 0% used [0x00000000e4a80000,0x00000000e4a80000,0x00000000e5500000)
 ParOldGen       total 175104K, used 8K [0x00000000a0000000, 0x00000000aab00000, 0x00000000e0000000)
  object space 175104K, 0% used [0x00000000a0000000,0x00000000a0002000,0x00000000aab00000)
 Metaspace       used 7382K, capacity 7578K, committed 7680K, reserved 1056768K
  class space    used 903K, capacity 974K, committed 1024K, reserved 1048576K
}
Event: 3.195 GC heap before
{Heap before GC invocations=2 (full 0):
 PSYoungGen      total 76288K, used 71249K [0x00000000e0000000, 0x00000000e5500000, 0x0000000100000000)
  eden space 65536K, 100% used [0x00000000e0000000,0x00000000e4000000,0x00000000e4000000)
  from space 10752K, 53% used [0x00000000e4000000,0x00000000e4594440,0x00000000e4a80000)
  to   space 10752K, 0% used [0x00000000e4a80000,0x00000000e4a80000,0x00000000e5500000)
 ParOldGen       total 175104K, used 8K [0x00000000a0000000, 0x00000000aab00000, 0x00000000e0000000)
  object space 175104K, 0% used [0x00000000a0000000,0x00000000a0002000,0x00000000aab00000)
 Metaspace       used 14789K, capacity 15172K, committed 15488K, reserved 1062912K
  class space    used 1956K, capacity 2090K, committed 2176K, reserved 1048576K
Event: 3.203 GC heap after
Heap after GC invocations=2 (full 0):
 PSYoungGen      total 76288K, used 9222K [0x00000000e0000000, 0x00000000e5500000, 0x0000000100000000)
  eden space 65536K, 0% used [0x00000000e0000000,0x00000000e0000000,0x00000000e4000000)
  from space 10752K, 85% used [0x00000000e4a80000,0x00000000e5381b50,0x00000000e5500000)
  to   space 10752K, 0% used [0x00000000e4000000,0x00000000e4000000,0x00000000e4a80000)
 ParOldGen       total 175104K, used 24K [0x00000000a0000000, 0x00000000aab00000, 0x00000000e0000000)
  object space 175104K, 0% used [0x00000000a0000000,0x00000000a0006000,0x00000000aab00000)
 Metaspace       used 14789K, capacity 15172K, committed 15488K, reserved 1062912K
  class space    used 1956K, capacity 2090K, committed 2176K, reserved 1048576K
}

Deoptimization events (10 events):
Event: 2.871 Thread 0x000000001b9e4000 Uncommon trap: reason=unstable_if action=reinterpret pc=0x0000000003777e5c method=java.util.concurrent.ConcurrentHashMap.putVal(Ljava/lang/Object;Ljava/lang/Object;Z)Ljava/lang/Object; @ 206
Event: 2.888 Thread 0x000000001b9e4000 Uncommon trap: reason=unstable_if action=reinterpret pc=0x000000000368f6c8 method=java.lang.String.substring(I)Ljava/lang/String; @ 35
Event: 2.929 Thread 0x000000001b9c8000 Uncommon trap: reason=bimorphic action=maybe_recompile pc=0x00000000036426e4 method=java.util.HashMap.putVal(ILjava/lang/Object;Ljava/lang/Object;ZZ)Ljava/lang/Object; @ 253
Event: 2.930 Thread 0x000000001b9c8000 Uncommon trap: reason=bimorphic action=maybe_recompile pc=0x00000000036426e4 method=java.util.HashMap.putVal(ILjava/lang/Object;Ljava/lang/Object;ZZ)Ljava/lang/Object; @ 253
Event: 2.930 Thread 0x000000001b9c8000 Uncommon trap: reason=bimorphic action=maybe_recompile pc=0x00000000036426e4 method=java.util.HashMap.putVal(ILjava/lang/Object;Ljava/lang/Object;ZZ)Ljava/lang/Object; @ 253
Event: 3.131 Thread 0x000000001b9c8000 Uncommon trap: reason=class_check action=maybe_recompile pc=0x00000000036a25d8 method=java.util.regex.Matcher.match(II)Z @ 86
Event: 3.142 Thread 0x000000001b9c8000 Uncommon trap: reason=class_check action=maybe_recompile pc=0x00000000036a25d8 method=java.util.regex.Matcher.match(II)Z @ 86
Event: 3.143 Thread 0x000000001b9c8000 Uncommon trap: reason=class_check action=maybe_recompile pc=0x00000000036a25d8 method=java.util.regex.Matcher.match(II)Z @ 86
Event: 3.143 Thread 0x000000001b9c8000 Uncommon trap: reason=class_check action=maybe_recompile pc=0x000000000352979c method=java.util.regex.Matcher.match(II)Z @ 86
Event: 3.421 Thread 0x000000001b9c8000 Uncommon trap: reason=unstable_if action=reinterpret pc=0x000000000368de10 method=java.io.File.getName()Ljava/lang/String; @ 16

Classes redefined (0 events):
No events

Internal exceptions (10 events):
Event: 2.884 Thread 0x000000001b9e4000 Exception <a 'java/lang/NoSuchMethodError': <clinit>> (0x00000000e20a4f18) thrown at [C:\src\AOSP-openjdk-git\hotspot\src\share\vm\prims\jni.cpp, line 1615]
Event: 2.884 Thread 0x000000001b9e4000 Exception <a 'java/lang/NoSuchMethodError': <clinit>> (0x00000000e20adab8) thrown at [C:\src\AOSP-openjdk-git\hotspot\src\share\vm\prims\jni.cpp, line 1615]
Event: 2.885 Thread 0x000000001b9e4000 Exception <a 'java/lang/NoSuchMethodError': <clinit>> (0x00000000e20c3ee8) thrown at [C:\src\AOSP-openjdk-git\hotspot\src\share\vm\prims\jni.cpp, line 1615]
Event: 2.893 Thread 0x000000001b9e4000 Exception <a 'java/lang/NoSuchMethodError': <clinit>> (0x00000000e211de50) thrown at [C:\src\AOSP-openjdk-git\hotspot\src\share\vm\prims\jni.cpp, line 1615]
Event: 2.898 Thread 0x000000001b9e4000 Exception <a 'java/lang/NoSuchMethodError': <clinit>> (0x00000000e214a780) thrown at [C:\src\AOSP-openjdk-git\hotspot\src\share\vm\prims\jni.cpp, line 1615]
Event: 2.902 Thread 0x000000001b9e4000 Exception <a 'java/lang/NoSuchMethodError': <clinit>> (0x00000000e2177a50) thrown at [C:\src\AOSP-openjdk-git\hotspot\src\share\vm\prims\jni.cpp, line 1615]
Event: 2.903 Thread 0x000000001b9e4000 Exception <a 'java/lang/NoSuchMethodError': <clinit>> (0x00000000e2182ad8) thrown at [C:\src\AOSP-openjdk-git\hotspot\src\share\vm\prims\jni.cpp, line 1615]
Event: 3.491 Thread 0x000000001b9c8000 Exception <a 'java/lang/NoSuchMethodError': java.lang.Object.lambda$and$0(Ljava/util/function/Predicate;Ljava/lang/Object;)Z> (0x00000000e1606888) thrown at [C:\src\AOSP-openjdk-git\hotspot\src\share\vm\interpreter\linkResolver.cpp, line 620]
Event: 3.500 Thread 0x000000001b9c8000 Exception <a 'java/lang/IncompatibleClassChangeError': Found class java.lang.Object, but interface was expected> (0x00000000e1617078) thrown at [C:\src\AOSP-openjdk-git\hotspot\src\share\vm\interpreter\linkResolver.cpp, line 653]
Event: 3.503 Thread 0x000000001b9c8000 Exception <a 'java/lang/NoSuchMethodError': java.lang.Object.lambda$or$2(Ljava/util/function/Predicate;Ljava/lang/Object;)Z> (0x00000000e161bf98) thrown at [C:\src\AOSP-openjdk-git\hotspot\src\share\vm\interpreter\linkResolver.cpp, line 620]

Events (10 events):
Event: 3.642 loading class org/gradle/api/NonExtensible done
Event: 3.642 loading class sun/reflect/annotation/AnnotationParser
Event: 3.644 loading class sun/reflect/annotation/AnnotationParser done
Event: 3.644 loading class java/lang/annotation/Inherited
Event: 3.645 loading class java/lang/annotation/Inherited done
Event: 3.645 loading class java/lang/annotation/Documented
Event: 3.645 loading class java/lang/annotation/Documented done
Event: 3.645 loading class java/lang/reflect/GenericArrayType
Event: 3.645 loading class java/lang/reflect/GenericArrayType done
Event: 3.646 loading class sun/reflect/annotation/AnnotationType$1


Dynamic libraries:
0x00007ff663bf0000 - 0x00007ff663c21000 	D:\AndroidStudio\jre\bin\java.exe
0x00007ffbc3820000 - 0x00007ffbc3a10000 	C:\WINDOWS\SYSTEM32\ntdll.dll
0x00007ffbc2170000 - 0x00007ffbc2222000 	C:\WINDOWS\System32\KERNEL32.DLL
0x00007ffbc07b0000 - 0x00007ffbc0a54000 	C:\WINDOWS\System32\KERNELBASE.dll
0x00007ffbc31b0000 - 0x00007ffbc3253000 	C:\WINDOWS\System32\ADVAPI32.dll
0x00007ffbc2e20000 - 0x00007ffbc2ebe000 	C:\WINDOWS\System32\msvcrt.dll
0x00007ffbc23f0000 - 0x00007ffbc2487000 	C:\WINDOWS\System32\sechost.dll
0x00007ffbc2f20000 - 0x00007ffbc3040000 	C:\WINDOWS\System32\RPCRT4.dll
0x00007ffbc27b0000 - 0x00007ffbc2944000 	C:\WINDOWS\System32\USER32.dll
0x00007ffbc1840000 - 0x00007ffbc1861000 	C:\WINDOWS\System32\win32u.dll
0x00007ffbc2230000 - 0x00007ffbc2256000 	C:\WINDOWS\System32\GDI32.dll
0x00007ffbc0dd0000 - 0x00007ffbc0f65000 	C:\WINDOWS\System32\gdi32full.dll
0x00007ffbc17a0000 - 0x00007ffbc183e000 	C:\WINDOWS\System32\msvcp_win.dll
0x00007ffbc0c60000 - 0x00007ffbc0d5a000 	C:\WINDOWS\System32\ucrtbase.dll
0x00007ffbbfbf0000 - 0x00007ffbbfe74000 	C:\WINDOWS\WinSxS\amd64_microsoft.windows.common-controls_6595b64144ccf1df_6.0.18362.900_none_e6beb9d913147d17\COMCTL32.dll
0x00007ffbc3330000 - 0x00007ffbc3665000 	C:\WINDOWS\System32\combase.dll
0x00007ffbc1720000 - 0x00007ffbc17a0000 	C:\WINDOWS\System32\bcryptPrimitives.dll
0x00007ffbc2350000 - 0x00007ffbc237e000 	C:\WINDOWS\System32\IMM32.DLL
0x000000006c3a0000 - 0x000000006c472000 	D:\AndroidStudio\jre\jre\bin\msvcr100.dll
0x000000006af70000 - 0x000000006b7bb000 	D:\AndroidStudio\jre\jre\bin\server\jvm.dll
0x00007ffbc31a0000 - 0x00007ffbc31a8000 	C:\WINDOWS\System32\PSAPI.DLL
0x00007ffbb16e0000 - 0x00007ffbb16e9000 	C:\WINDOWS\SYSTEM32\WSOCK32.dll
0x00007ffbc18d0000 - 0x00007ffbc193f000 	C:\WINDOWS\System32\WS2_32.dll
0x00007ffbb8510000 - 0x00007ffbb851a000 	C:\WINDOWS\SYSTEM32\VERSION.dll
0x00007ffbbdf50000 - 0x00007ffbbdf74000 	C:\WINDOWS\SYSTEM32\WINMM.dll
0x00007ffbbdf20000 - 0x00007ffbbdf4d000 	C:\WINDOWS\SYSTEM32\winmmbase.dll
0x00007ffbc0d80000 - 0x00007ffbc0dca000 	C:\WINDOWS\System32\cfgmgr32.dll
0x00007ffbbaa10000 - 0x00007ffbbaa1f000 	D:\AndroidStudio\jre\jre\bin\verify.dll
0x00007ffbb34f0000 - 0x00007ffbb3519000 	D:\AndroidStudio\jre\jre\bin\java.dll
0x00007ffbb8460000 - 0x00007ffbb8476000 	D:\AndroidStudio\jre\jre\bin\zip.dll
0x00007ffbc1940000 - 0x00007ffbc2026000 	C:\WINDOWS\System32\SHELL32.dll
0x00007ffbc30f0000 - 0x00007ffbc3199000 	C:\WINDOWS\System32\shcore.dll
0x00007ffbc0f70000 - 0x00007ffbc16f0000 	C:\WINDOWS\System32\windows.storage.dll
0x00007ffbc0780000 - 0x00007ffbc07a3000 	C:\WINDOWS\System32\profapi.dll
0x00007ffbc0730000 - 0x00007ffbc077a000 	C:\WINDOWS\System32\powrprof.dll
0x00007ffbc06e0000 - 0x00007ffbc06f0000 	C:\WINDOWS\System32\UMPDC.dll
0x00007ffbc2ec0000 - 0x00007ffbc2f12000 	C:\WINDOWS\System32\shlwapi.dll
0x00007ffbc0710000 - 0x00007ffbc0721000 	C:\WINDOWS\System32\kernel.appcore.dll
0x00007ffbc0d60000 - 0x00007ffbc0d77000 	C:\WINDOWS\System32\cryptsp.dll
0x00007ffbb3420000 - 0x00007ffbb343a000 	D:\AndroidStudio\jre\jre\bin\net.dll
0x00007ffbbf8d0000 - 0x00007ffbbf937000 	C:\WINDOWS\system32\mswsock.dll
0x00007ffbb32d0000 - 0x00007ffbb32e3000 	D:\AndroidStudio\jre\jre\bin\nio.dll
0x00007ffba9460000 - 0x00007ffba9486000 	C:\Users\yorick\.gradle\native\31\windows-amd64\native-platform.dll
0x00007ffbbaa00000 - 0x00007ffbbaa0d000 	D:\AndroidStudio\jre\jre\bin\management.dll
0x00007ffbbf440000 - 0x00007ffbbf473000 	C:\WINDOWS\system32\rsaenh.dll
0x00007ffbc16f0000 - 0x00007ffbc1716000 	C:\WINDOWS\System32\bcrypt.dll
0x00007ffbc0600000 - 0x00007ffbc0625000 	C:\WINDOWS\SYSTEM32\USERENV.dll
0x00007ffbbfaa0000 - 0x00007ffbbfaac000 	C:\WINDOWS\SYSTEM32\CRYPTBASE.dll
0x00007ffbbf5e0000 - 0x00007ffbbf61a000 	C:\WINDOWS\SYSTEM32\IPHLPAPI.DLL
0x00007ffbc37d0000 - 0x00007ffbc37d8000 	C:\WINDOWS\System32\NSI.dll
0x00007ffbbbf80000 - 0x00007ffbbbf96000 	C:\WINDOWS\SYSTEM32\dhcpcsvc6.DLL
0x00007ffbbbf40000 - 0x00007ffbbbf5c000 	C:\WINDOWS\SYSTEM32\dhcpcsvc.DLL
0x00007ffbbf620000 - 0x00007ffbbf6eb000 	C:\WINDOWS\SYSTEM32\DNSAPI.dll
0x00007ffbc0200000 - 0x00007ffbc03f4000 	C:\WINDOWS\SYSTEM32\dbghelp.dll

VM Arguments:
jvm_args: -Xmx1536m -Dfile.encoding=windows-1252 -Duser.country=US -Duser.language=en -Duser.variant 
java_command: org.gradle.launcher.daemon.bootstrap.GradleDaemon 6.1.1
java_class_path (initial): C:\Users\yorick\.gradle\wrapper\dists\gradle-6.1.1-all\cfmwm155h49vnt3hynmlrsdst\gradle-6.1.1\lib\gradle-launcher-6.1.1.jar
Launcher Type: SUN_STANDARD

Environment Variables:
PATH=C:\Program Files (x86)\Common Files\Oracle\Java\javapath;C:\Python27\;C:\Python27\Scripts;C:\ProgramData\Oracle\Java\javapath;C:\Program Files (x86)\AMD APP\bin\x86_64;C:\Program Files (x86)\AMD APP\bin\x86;C:\Program Files\ffmpeg\bin;C:\Program Files (x86)\IBM\Lotus\Notes;C:\Program Files (x86)\IBM\Lotus\Notes\Data;C:\WINDOWS\system32;C:\WINDOWS;C:\WINDOWS\System32\Wbem;C:\WINDOWS\System32\WindowsPowerShell\v1.0\;C:\Program Files (x86)\ATI Technologies\ATI.ACE\Core-Static;C:\Program Files (x86)\Microsoft SQL Server\100\Tools\Binn\;C:\Program Files\Microsoft SQL Server\100\Tools\Binn\;C:\Program Files\Microsoft SQL Server\100\DTS\Binn\;C:\NodeJS\;C:\Program Files (x86)\Microsoft SQL Server\100\Tools\Binn\VSShell\Common7\IDE\;C:\Program Files (x86)\Microsoft SQL Server\100\DTS\Binn\;C:\Program Files (x86)\nodejs\;C:\Program Files\Git\cmd;C:\WINDOWS\system32\config\systemprofile\.dnx\bin;C:\Program Files\Java\jdk1.8.0_60\bin;C:\Program Files\Microsoft DNX\Dnvm\;C:\Program Files (x86)\Brackets\command;C:\Program Files\Microsoft\Web Platform Installer\;C:\Program Files\Microsoft SQL Server\120\Tools\Binn\;C:\Program Files\MySQL\MySQL Utilities 1.6\;C:\xampp\php;C:\ProgramData\ComposerSetup\bin;C:\WINDOWS\System32\OpenSSH\;C:\Users\yorick\AppData\Roaming\nvm;C:\Nodejs;C:\Python27\Scripts;C:\Python27;C:\Users\yorick\AppData\Local\Programs\Python\Launcher\;C:\Users\yorick\AppData\Local\Microsoft\WindowsApps;C:\Users\yorick\AppData\Roaming\Composer\vendor\bin;C:\Users\yorick\AppData\Local\Google\Cloud SDK\google-cloud-sdk\bin;C:\Users\yorick\AppData\Roaming\nvm;C:\Nodejs
USERNAME=yorick
OS=Windows_NT
PROCESSOR_IDENTIFIER=Intel64 Family 6 Model 42 Stepping 7, GenuineIntel



---------------  S Y S T E M  ---------------

OS: Windows 10.0 , 64 bit Build 18362 (10.0.18362.900)

CPU:total 8 (initial active 8) (4 cores per cpu, 2 threads per core) family 6 model 42 stepping 7, cmov, cx8, fxsr, mmx, sse, sse2, sse3, ssse3, sse4.1, sse4.2, popcnt, avx, aes, clmul, ht, tsc, tscinvbit

Memory: 4k page, physical 16733300k(7352436k free), swap 17257588k(4200756k free)

vm_info: OpenJDK 64-Bit Server VM (25.242-b01) for windows-amd64 JRE (1.8.0_242-release-1644-b01), built by "builder" with MS VC++ 10.0 (VS2010)

time: Sun Jun 21 14:39:46 2020
timezone: W. Europe Daylight Time
elapsed time: 3 seconds (0d 0h 0m 3s)

